<?xml version="1.0" encoding="UTF-8"?>
<testng-results skipped="0" failed="1" ignored="9" total="10" passed="0">
  <reporter-output>
  </reporter-output>
  <suite name="Migration Suite" duration-ms="869" started-at="2018-02-27T16:16:11Z" finished-at="2018-02-27T16:16:12Z">
    <groups>
      <group name="preUpgrade">
        <method signature="MigrationFileModificationUtilTests.verify_ALM_preUpgrade_BaseAddNewCV_CurrentNull(java.lang.String)[pri:0, instance:nonXml.fileModification.testSuite.MigrationFileModificationUtilTests@5d624da6]" name="verify_ALM_preUpgrade_BaseAddNewCV_CurrentNull" class="nonXml.fileModification.testSuite.MigrationFileModificationUtilTests"/>
      </group> <!-- preUpgrade -->
    </groups>
    <test name="Migration Window Test" duration-ms="869" started-at="2018-02-27T16:16:11Z" finished-at="2018-02-27T16:16:12Z">
      <class name="nonXml.fileModification.testSuite.MigrationFileModificationUtilTests">
        <test-method status="FAIL" signature="verify_ALM_preUpgrade_BaseAddNewCV_CurrentNull(java.lang.String)[pri:0, instance:nonXml.fileModification.testSuite.MigrationFileModificationUtilTests@5d624da6]" name="verify_ALM_preUpgrade_BaseAddNewCV_CurrentNull" duration-ms="838" started-at="2018-02-27T21:46:11Z" description="ConfigUtility Merge feature - Add a new Property into base filethat property not present in Current directory, hence after migration it should be present in upgraded folder" finished-at="2018-02-27T21:46:12Z">
          <params>
            <param index="0">
              <value>
                <![CDATA[Linux]]>
              </value>
            </param>
          </params>
          <exception class="java.lang.AssertionError">
            <message>
              <![CDATA[The key is already present ]]>
            </message>
            <full-stacktrace>
              <![CDATA[java.lang.AssertionError: The key is already present 
	at org.junit.Assert.fail(Assert.java:88)
	at org.junit.Assert.assertTrue(Assert.java:41)
	at org.junit.Assert.assertFalse(Assert.java:64)
	at nonXml.fileComparision.preUpgrade.util.DefaultPropUtil.addUpdatePropertyLinux(DefaultPropUtil.java:353)
	at nonXml.fileModification.testSuite.MigrationFileModificationUtilTests.verify_ALM_preUpgrade_BaseAddNewCV_CurrentNull(MigrationFileModificationUtilTests.java:114)
	at sun.reflect.NativeMethodAccessorImpl.invoke0(Native Method)
	at sun.reflect.NativeMethodAccessorImpl.invoke(NativeMethodAccessorImpl.java:62)
	at sun.reflect.DelegatingMethodAccessorImpl.invoke(DelegatingMethodAccessorImpl.java:43)
	at java.lang.reflect.Method.invoke(Method.java:498)
	at org.testng.internal.MethodInvocationHelper.invokeMethod(MethodInvocationHelper.java:108)
	at org.testng.internal.Invoker.invokeMethod(Invoker.java:661)
	at org.testng.internal.Invoker.invokeTestMethod(Invoker.java:869)
	at org.testng.internal.Invoker.invokeTestMethods(Invoker.java:1193)
	at org.testng.internal.TestMethodWorker.invokeTestMethods(TestMethodWorker.java:126)
	at org.testng.internal.TestMethodWorker.run(TestMethodWorker.java:109)
	at org.testng.TestRunner.privateRun(TestRunner.java:744)
	at org.testng.TestRunner.run(TestRunner.java:602)
	at org.testng.SuiteRunner.runTest(SuiteRunner.java:380)
	at org.testng.SuiteRunner.runSequentially(SuiteRunner.java:375)
	at org.testng.SuiteRunner.privateRun(SuiteRunner.java:340)
	at org.testng.SuiteRunner.run(SuiteRunner.java:289)
	at org.testng.SuiteRunnerWorker.runSuite(SuiteRunnerWorker.java:52)
	at org.testng.SuiteRunnerWorker.run(SuiteRunnerWorker.java:86)
	at org.testng.TestNG.runSuitesSequentially(TestNG.java:1301)
	at org.testng.TestNG.runSuitesLocally(TestNG.java:1226)
	at org.testng.TestNG.runSuites(TestNG.java:1144)
	at org.testng.TestNG.run(TestNG.java:1115)
	at org.apache.maven.surefire.testng.TestNGExecutor.run(TestNGExecutor.java:293)
	at org.apache.maven.surefire.testng.TestNGXmlTestSuite.execute(TestNGXmlTestSuite.java:84)
	at org.apache.maven.surefire.testng.TestNGProvider.invoke(TestNGProvider.java:91)
	at org.apache.maven.surefire.booter.ForkedBooter.invokeProviderInSameClassLoader(ForkedBooter.java:200)
	at org.apache.maven.surefire.booter.ForkedBooter.runSuitesInProcess(ForkedBooter.java:153)
	at org.apache.maven.surefire.booter.ForkedBooter.main(ForkedBooter.java:103)
]]>
            </full-stacktrace>
          </exception> <!-- java.lang.AssertionError -->
          <reporter-output>
          </reporter-output>
        </test-method> <!-- verify_ALM_preUpgrade_BaseAddNewCV_CurrentNull -->
      </class> <!-- nonXml.fileModification.testSuite.MigrationFileModificationUtilTests -->
    </test> <!-- Migration Window Test -->
  </suite> <!-- Migration Suite -->
</testng-results>
