<?xml version="1.0" encoding="UTF-8"?>
<testsuite name="TestSuite" time="0.854" tests="1" errors="0" skipped="0" failures="1">
  <properties>
[...]
</properties>
  <testcase name="verify_ALM_preUpgrade_BaseAddNewCV_CurrentNull" classname="nonXml.fileModification.testSuite.MigrationFileModificationUtilTests" time="0.854">
    <failure message="The key is already present " type="java.lang.AssertionError">java.lang.AssertionError: The key is already present 
	at org.junit.Assert.fail(Assert.java:88)
	at org.junit.Assert.assertTrue(Assert.java:41)
	at org.junit.Assert.assertFalse(Assert.java:64)
	at nonXml.fileComparision.preUpgrade.util.DefaultPropUtil.addUpdatePropertyLinux(DefaultPropUtil.java:353)
	at nonXml.fileModification.testSuite.MigrationFileModificationUtilTests.verify_ALM_preUpgrade_BaseAddNewCV_CurrentNull(MigrationFileModificationUtilTests.java:114)
</failure>
    <system-out><![CDATA[2018-02-27 21:46:11 INFO  MigrationFileModificationUtilTests:47 - Test Case execution started
2018-02-27 21:46:11 INFO  PreCheckFiles:22 - Start pre-upgrade tasks...
2018-02-27 21:46:11 INFO  FileVerification:69 - Returned the number of input files required by....3
2018-02-27 21:46:11 INFO  PreCheckFiles:28 - You have selected OS type as : Linux
2018-02-27 21:46:11 INFO  PreCheckFiles:42 - Pre-upgrade tasks are done
2018-02-27 21:46:11 INFO  LinuxUtils:44 - Connected to the linux server successfully...
2018-02-27 21:46:11 INFO  MigrationFileModificationUtilTests:99 - Verify the file IntroscopeEnterpriseManager.properties is present in the base EM home directory
Home path is : /root/Introscope10.0.0.36
Returned path: /root/Introscope10.0.0.36/config
2018-02-27 21:46:12 INFO  MigrationFileModificationUtilTests:103 - Base file location is: /root/Introscope10.0.0.36/config/IntroscopeEnterpriseManager.properties
2018-02-27 21:46:12 INFO  MigrationFileModificationUtilTests:112 - Files exists in the base directory, hence going to add a new property
2018-02-27 21:46:12 INFO  DefaultPropUtil:330 - You have entered the file /root/Introscope10.0.0.36/config/IntroscopeEnterpriseManager.properties to add/update a new/existing property
The no of Keys in the file: [1]
Command is: echo ca.migtration.baseTest=100 >> /root/Introscope10.0.0.36/config/IntroscopeEnterpriseManager.properties
ArrayList size is: 1
2018-02-27 21:46:12 INFO  DefaultPropUtil:352 - The Key is already present, hence not going to add anything...
2018-02-27 21:46:12 INFO  MigrationFileModificationUtilTests:124 - Closing the LINUX/UNIX connection
]]></system-out>
  </testcase>
</testsuite>