-------------------------------------------------------------------------------
Test set: TestSuite
-------------------------------------------------------------------------------
Tests run: 1, Failures: 1, Errors: 0, Skipped: 0, Time elapsed: 1.224 sec <<< FAILURE! - in TestSuite
verify_ALM_preUpgrade_BaseAddNewCV_CurrentNull(nonXml.fileModification.testSuite.MigrationFileModificationUtilTests)  Time elapsed: 0.854 sec  <<< FAILURE!
java.lang.AssertionError: The key is already present 
	at org.junit.Assert.fail(Assert.java:88)
	at org.junit.Assert.assertTrue(Assert.java:41)
	at org.junit.Assert.assertFalse(Assert.java:64)
	at nonXml.fileComparision.preUpgrade.util.DefaultPropUtil.addUpdatePropertyLinux(DefaultPropUtil.java:353)
	at nonXml.fileModification.testSuite.MigrationFileModificationUtilTests.verify_ALM_preUpgrade_BaseAddNewCV_CurrentNull(MigrationFileModificationUtilTests.java:114)

