<?xml version="1.0" encoding="UTF-8"?>
<!-- Generated by org.testng.reporters.JUnitXMLReporter -->
<testsuite hostname="PATAS07-5520" ignored="9" name="Migration Window Test" tests="1" failures="0" timestamp="26 Feb 2018 13:27:13 GMT" time="0.042" errors="0">
  <testcase name="verify_ALM_preUpgrade_BaseCommentLine1DV_CurrentCommentLine2DV" time="0.042" classname="nonXml.fileModification.testSuite.MigrationFileModificationUtilTests"/>
  <testcase name="verify_ALM_preUpgrade_BaseCV_CurrentCommentDV" time="0.0" classname="nonXml.fileModification.testSuite.MigrationFileModificationUtilTests">
    <ignored/>
  </testcase> <!-- verify_ALM_preUpgrade_BaseCV_CurrentCommentDV -->
  <testcase name="verify_ALM_preUpgrade_AddNewFile_BaseVersion" time="0.0" classname="nonXml.fileModification.testSuite.MigrationFileModificationUtilTests">
    <ignored/>
  </testcase> <!-- verify_ALM_preUpgrade_AddNewFile_BaseVersion -->
  <testcase name="verify_ALM_preUpgrade_BaseAddNewCV_CurrentNull" time="0.0" classname="nonXml.fileModification.testSuite.MigrationFileModificationUtilTests">
    <ignored/>
  </testcase> <!-- verify_ALM_preUpgrade_BaseAddNewCV_CurrentNull -->
  <testcase name="verify_ALM_preUpgrade_BaseCV_CurrentDVNDV" time="0.0" classname="nonXml.fileModification.testSuite.MigrationFileModificationUtilTests">
    <ignored/>
  </testcase> <!-- verify_ALM_preUpgrade_BaseCV_CurrentDVNDV -->
  <testcase name="verify_ALM_preUpgrade_BaseHPCV_CurrentNULL" time="0.0" classname="nonXml.fileModification.testSuite.MigrationFileModificationUtilTests">
    <ignored/>
  </testcase> <!-- verify_ALM_preUpgrade_BaseHPCV_CurrentNULL -->
  <testcase name="verify_ALM_preUpgrade_BaseNULL_CurrentNDV" time="0.0" classname="nonXml.fileModification.testSuite.MigrationFileModificationUtilTests">
    <ignored/>
  </testcase> <!-- verify_ALM_preUpgrade_BaseNULL_CurrentNDV -->
  <testcase name="verify_ALM_preUpgrade_BaseDV_CurrentNDV" time="0.0" classname="nonXml.fileModification.testSuite.MigrationFileModificationUtilTests">
    <ignored/>
  </testcase> <!-- verify_ALM_preUpgrade_BaseDV_CurrentNDV -->
  <testcase name="verify_ALM_preUpgrade_BaseCommentCV_CurrentDV" time="0.0" classname="nonXml.fileModification.testSuite.MigrationFileModificationUtilTests">
    <ignored/>
  </testcase> <!-- verify_ALM_preUpgrade_BaseCommentCV_CurrentDV -->
  <testcase name="verify_ALM_preUpgrade_BaseDPDV_CurrentNULL" time="0.0" classname="nonXml.fileModification.testSuite.MigrationFileModificationUtilTests">
    <ignored/>
  </testcase> <!-- verify_ALM_preUpgrade_BaseDPDV_CurrentNULL -->
</testsuite> <!-- Migration Window Test -->
