<?xml version="1.0" encoding="UTF-8"?>
<!-- Generated by org.testng.reporters.JUnitXMLReporter -->
<testsuite hostname="PATAS07-5520" ignored="0" name="Migration Window Test" tests="11" failures="5" timestamp="28 Feb 2018 10:52:41 GMT" time="0.132" errors="0">
  <testcase name="verify_ALM_FileComaprision_properties_BaseAddNewCV_CurrentNULL_Migration_AddNewCV" time="0.047" classname="nonXml.fileComparision.testSuite.MigrationUtilFileComTests"/>
  <testcase name="verify_ALM_FileComaprision_properties_BaseCV_CurrentCommentDV_Migration_CommentCV" time="0.0" classname="nonXml.fileComparision.testSuite.MigrationUtilFileComTests">
    <failure type="java.lang.AssertionError" message="Unchanged File comarison test default result">
      <![CDATA[java.lang.AssertionError: Unchanged File comarison test default result
	at org.junit.Assert.fail(Assert.java:88)
	at org.junit.Assert.assertTrue(Assert.java:41)
	at nonXml.fileComparision.testSuite.MigrationUtilFileComTests.verify_ALM_FileComaprision_properties_BaseCV_CurrentCommentDV_Migration_CommentCV(MigrationUtilFileComTests.java:674)
... Removed 25 stack frames]]>
    </failure>
  </testcase> <!-- verify_ALM_FileComaprision_properties_BaseCV_CurrentCommentDV_Migration_CommentCV -->
  <testcase name="verify_ALM_FileComaprision_properties_BaseCV_CurrentDVNDV_Migration_CV" time="0.015" classname="nonXml.fileComparision.testSuite.MigrationUtilFileComTests"/>
  <testcase name="verify_ALM_FileComaprision_properties_BaseComment1DV_CurrentComment2DV_Migration_Comment2DV" time="0.016" classname="nonXml.fileComparision.testSuite.MigrationUtilFileComTests">
    <failure type="java.lang.AssertionError" message="After migration, Customized Value reflected successfully expected:&amp;lt;true&amp;gt; but was:&amp;lt;false&amp;gt;">
      <![CDATA[java.lang.AssertionError: After migration, Customized Value reflected successfully expected:<true> but was:<false>
	at org.junit.Assert.fail(Assert.java:88)
	at org.junit.Assert.failNotEquals(Assert.java:834)
	at org.junit.Assert.assertEquals(Assert.java:118)
	at nonXml.fileComparision.postUpgrade.util.PostUpgradeUtil.changedPropBaseComment1DVFreshComemnt2DVUpgradeComemnt2DV(PostUpgradeUtil.java:323)
	at nonXml.fileComparision.testSuite.MigrationUtilFileComTests.verify_ALM_FileComaprision_properties_BaseComment1DV_CurrentComment2DV_Migration_Comment2DV(MigrationUtilFileComTests.java:752)
... Removed 25 stack frames]]>
    </failure>
  </testcase> <!-- verify_ALM_FileComaprision_properties_BaseComment1DV_CurrentComment2DV_Migration_Comment2DV -->
  <testcase name="verify_ALM_FileComaprision_properties_BaseCommentCV_CurrentDV_Migration_CommentCV" time="0.0" classname="nonXml.fileComparision.testSuite.MigrationUtilFileComTests"/>
  <testcase name="verify_ALM_FileComaprision_properties_BaseDPDV_CurrentNULL_Migration_NULL" time="0.006" classname="nonXml.fileComparision.testSuite.MigrationUtilFileComTests">
    <failure type="java.lang.AssertionError" message="After migration, Customized Value reflected successfully expected:&amp;lt;true&amp;gt; but was:&amp;lt;false&amp;gt;">
      <![CDATA[java.lang.AssertionError: After migration, Customized Value reflected successfully expected:<true> but was:<false>
	at org.junit.Assert.fail(Assert.java:88)
	at org.junit.Assert.failNotEquals(Assert.java:834)
	at org.junit.Assert.assertEquals(Assert.java:118)
	at nonXml.fileComparision.postUpgrade.util.PostUpgradeUtil.changedPropBaseDPCVFreshNULLUpgradeNULL(PostUpgradeUtil.java:360)
	at nonXml.fileComparision.testSuite.MigrationUtilFileComTests.verify_ALM_FileComaprision_properties_BaseDPDV_CurrentNULL_Migration_NULL(MigrationUtilFileComTests.java:920)
... Removed 25 stack frames]]>
    </failure>
  </testcase> <!-- verify_ALM_FileComaprision_properties_BaseDPDV_CurrentNULL_Migration_NULL -->
  <testcase name="verify_ALM_FileComaprision_properties_BaseDV_CurrentNDV_Migration_NDV" time="0.0" classname="nonXml.fileComparision.testSuite.MigrationUtilFileComTests">
    <failure type="java.lang.AssertionError" message="Unchanged File comarison test default result">
      <![CDATA[java.lang.AssertionError: Unchanged File comarison test default result
	at org.junit.Assert.fail(Assert.java:88)
	at org.junit.Assert.assertTrue(Assert.java:41)
	at nonXml.fileComparision.testSuite.MigrationUtilFileComTests.verify_ALM_FileComaprision_properties_BaseDV_CurrentNDV_Migration_NDV(MigrationUtilFileComTests.java:334)
... Removed 25 stack frames]]>
    </failure>
  </testcase> <!-- verify_ALM_FileComaprision_properties_BaseDV_CurrentNDV_Migration_NDV -->
  <testcase name="verify_ALM_FileComaprision_properties_BaseHPCV_CurrentNULL_Migration_HPCV" time="0.015" classname="nonXml.fileComparision.testSuite.MigrationUtilFileComTests"/>
  <testcase name="verify_ALM_FileComaprision_properties_BaseNULL_CurrentNDV_Migration_NDV" time="0.0" classname="nonXml.fileComparision.testSuite.MigrationUtilFileComTests"/>
  <testcase name="verify_ALM_FileComaprision_properties_Base_Current_Migration_DefaultValue" time="0.016" classname="nonXml.fileComparision.testSuite.MigrationUtilFileComTests"/>
  <testcase name="verify_ALM_UnchangedFileComaprision_properties" time="0.0" classname="nonXml.fileComparision.testSuite.MigrationUtilFileComTests">
    <failure type="java.lang.AssertionError" message="File comarison properties Unchanged file test">
      <![CDATA[java.lang.AssertionError: File comarison properties Unchanged file test
	at org.junit.Assert.fail(Assert.java:88)
	at org.junit.Assert.assertTrue(Assert.java:41)
	at nonXml.fileComparision.testSuite.MigrationUtilFileComTests.verify_ALM_UnchangedFileComaprision_properties(MigrationUtilFileComTests.java:76)
... Removed 25 stack frames]]>
    </failure>
  </testcase> <!-- verify_ALM_UnchangedFileComaprision_properties -->
</testsuite> <!-- Migration Window Test -->
